Using pre-set license
Built from '2020.3/staging' branch; Version is '2020.3.30f1 (1fb1bf06830e) revision 2077119'; Using compiler version '192528614'; Build Type 'Release'
OS: 'Windows 10  (10.0.19044) 64bit Core' Language: 'ja' Physical Memory: 16205 MB
BatchMode: 1, IsHumanControllingUs: 0, StartBugReporterOnCrash: 0, Is64bit: 1, IsPro: 0

COMMAND LINE ARGUMENTS:
C:\Program Files\Unity\Hub\Editor\2020.3.30f1\Editor\Unity.exe
-adb2
-batchMode
-noUpm
-name
AssetImportWorker0
-projectPath
C:/Users/GA3/Documents/GitHub/AAC/AAC
-logFile
Logs/AssetImportWorker0.log
-srvPort
<<<<<<< Updated upstream
=======
<<<<<<< HEAD
49401
Successfully changed project path to: C:/Users/GA3/Documents/GitHub/AAC/AAC
C:/Users/GA3/Documents/GitHub/AAC/AAC
Using Asset Import Pipeline V2.
Refreshing native plugins compatible for Editor in 40.54 ms, found 3 plugins.
=======
>>>>>>> Stashed changes
52109
Successfully changed project path to: C:/Users/GA3/Desktop/BBB/AAC/AAC
C:/Users/GA3/Desktop/BBB/AAC/AAC
Using Asset Import Pipeline V2.
Refreshing native plugins compatible for Editor in 37.23 ms, found 3 plugins.
<<<<<<< Updated upstream
=======
>>>>>>> 0c6067b4b166535b0d64eb371354a7f5efe704e7
>>>>>>> Stashed changes
Preloading 0 native plugins for Editor in 0.00 ms.
Initialize engine version: 2020.3.30f1 (1fb1bf06830e)
[Subsystems] Discovering subsystems at path C:/Program Files/Unity/Hub/Editor/2020.3.30f1/Editor/Data/Resources/UnitySubsystems
[Subsystems] Discovering subsystems at path C:/Users/GA3/Documents/GitHub/AAC/AAC/Assets
GfxDevice: creating device client; threaded=0
Direct3D:
    Version:  Direct3D 11.0 [level 11.1]
    Renderer: NVIDIA GeForce RTX 3060 Laptop GPU (ID=0x2520)
    Vendor:   
    VRAM:     6023 MB
    Driver:   27.21.14.6140
Initialize mono
Mono path[0] = 'C:/Program Files/Unity/Hub/Editor/2020.3.30f1/Editor/Data/Managed'
Mono path[1] = 'C:/Program Files/Unity/Hub/Editor/2020.3.30f1/Editor/Data/MonoBleedingEdge/lib/mono/unityjit'
Mono config path = 'C:/Program Files/Unity/Hub/Editor/2020.3.30f1/Editor/Data/MonoBleedingEdge/etc'
<<<<<<< Updated upstream
Using monoOptions --debugger-agent=transport=dt_socket,embedding=1,server=y,suspend=n,address=127.0.0.1:56592
Begin MonoManager ReloadAssembly
Registering precompiled unity dll's ...
Register platform support module: C:/Program Files/Unity/Hub/Editor/2020.3.30f1/Editor/Data/PlaybackEngines/WindowsStandaloneSupport/UnityEditor.WindowsStandalone.Extensions.dll
Registered in 0.001058 seconds.
Native extension for WindowsStandalone target not found
Refreshing native plugins compatible for Editor in 38.42 ms, found 3 plugins.
Preloading 0 native plugins for Editor in 0.00 ms.
Mono: successfully reloaded assembly
- Completed reload, in  0.454 seconds
Domain Reload Profiling:
	ReloadAssembly (455ms)
		BeginReloadAssembly (46ms)
=======
<<<<<<< HEAD
Using monoOptions --debugger-agent=transport=dt_socket,embedding=1,server=y,suspend=n,address=127.0.0.1:56084
Begin MonoManager ReloadAssembly
Registering precompiled unity dll's ...
Register platform support module: C:/Program Files/Unity/Hub/Editor/2020.3.30f1/Editor/Data/PlaybackEngines/WindowsStandaloneSupport/UnityEditor.WindowsStandalone.Extensions.dll
Registered in 0.001844 seconds.
Native extension for WindowsStandalone target not found
Refreshing native plugins compatible for Editor in 38.99 ms, found 3 plugins.
Preloading 0 native plugins for Editor in 0.00 ms.
Mono: successfully reloaded assembly
- Completed reload, in  0.507 seconds
Domain Reload Profiling:
	ReloadAssembly (507ms)
		BeginReloadAssembly (57ms)
=======
Using monoOptions --debugger-agent=transport=dt_socket,embedding=1,server=y,suspend=n,address=127.0.0.1:56592
Begin MonoManager ReloadAssembly
Registering precompiled unity dll's ...
Register platform support module: C:/Program Files/Unity/Hub/Editor/2020.3.30f1/Editor/Data/PlaybackEngines/WindowsStandaloneSupport/UnityEditor.WindowsStandalone.Extensions.dll
Registered in 0.001058 seconds.
Native extension for WindowsStandalone target not found
Refreshing native plugins compatible for Editor in 38.42 ms, found 3 plugins.
Preloading 0 native plugins for Editor in 0.00 ms.
Mono: successfully reloaded assembly
- Completed reload, in  0.454 seconds
Domain Reload Profiling:
	ReloadAssembly (455ms)
		BeginReloadAssembly (46ms)
>>>>>>> 0c6067b4b166535b0d64eb371354a7f5efe704e7
>>>>>>> Stashed changes
			ExecutionOrderSort (0ms)
			DisableScriptedObjects (0ms)
			BackupInstance (0ms)
			ReleaseScriptingObjects (0ms)
			CreateAndSetChildDomain (1ms)
<<<<<<< Updated upstream
=======
<<<<<<< HEAD
		EndReloadAssembly (388ms)
			LoadAssemblies (55ms)
			RebuildTransferFunctionScriptingTraits (0ms)
			SetupTypeCache (130ms)
			ReleaseScriptCaches (0ms)
			RebuildScriptCaches (30ms)
			SetupLoadedEditorAssemblies (141ms)
=======
>>>>>>> Stashed changes
		EndReloadAssembly (354ms)
			LoadAssemblies (45ms)
			RebuildTransferFunctionScriptingTraits (0ms)
			SetupTypeCache (118ms)
			ReleaseScriptCaches (0ms)
			RebuildScriptCaches (25ms)
			SetupLoadedEditorAssemblies (135ms)
>>>>>>> 0c6067b4b166535b0d64eb371354a7f5efe704e7
				LogAssemblyErrors (0ms)
				InitializePlatformSupportModulesInManaged (4ms)
				SetLoadedEditorAssemblies (0ms)
<<<<<<< Updated upstream
=======
<<<<<<< HEAD
				RefreshPlugins (39ms)
				BeforeProcessingInitializeOnLoad (7ms)
				ProcessInitializeOnLoadAttributes (67ms)
				ProcessInitializeOnLoadMethodAttributes (24ms)
=======
>>>>>>> Stashed changes
				RefreshPlugins (38ms)
				BeforeProcessingInitializeOnLoad (7ms)
				ProcessInitializeOnLoadAttributes (64ms)
				ProcessInitializeOnLoadMethodAttributes (23ms)
>>>>>>> 0c6067b4b166535b0d64eb371354a7f5efe704e7
				AfterProcessingInitializeOnLoad (0ms)
				EditorAssembliesLoaded (0ms)
			ExecutionOrderSort2 (0ms)
			AwakeInstancesAfterBackupRestoration (0ms)
Platform modules already initialized, skipping
Registering precompiled user dll's ...
<<<<<<< Updated upstream
Registered in 0.001844 seconds.
Begin MonoManager ReloadAssembly
Native extension for WindowsStandalone target not found
Refreshing native plugins compatible for Editor in 34.98 ms, found 3 plugins.
Preloading 0 native plugins for Editor in 0.00 ms.
Mono: successfully reloaded assembly
- Completed reload, in  0.842 seconds
Domain Reload Profiling:
	ReloadAssembly (843ms)
		BeginReloadAssembly (118ms)
=======
<<<<<<< HEAD
Registered in 0.002965 seconds.
Begin MonoManager ReloadAssembly
Native extension for WindowsStandalone target not found
Refreshing native plugins compatible for Editor in 36.49 ms, found 3 plugins.
Preloading 0 native plugins for Editor in 0.00 ms.
Mono: successfully reloaded assembly
- Completed reload, in  0.928 seconds
Domain Reload Profiling:
	ReloadAssembly (929ms)
		BeginReloadAssembly (128ms)
=======
Registered in 0.001844 seconds.
Begin MonoManager ReloadAssembly
Native extension for WindowsStandalone target not found
Refreshing native plugins compatible for Editor in 34.98 ms, found 3 plugins.
Preloading 0 native plugins for Editor in 0.00 ms.
Mono: successfully reloaded assembly
- Completed reload, in  0.842 seconds
Domain Reload Profiling:
	ReloadAssembly (843ms)
		BeginReloadAssembly (118ms)
>>>>>>> 0c6067b4b166535b0d64eb371354a7f5efe704e7
>>>>>>> Stashed changes
			ExecutionOrderSort (0ms)
			DisableScriptedObjects (4ms)
			BackupInstance (0ms)
			ReleaseScriptingObjects (0ms)
<<<<<<< HEAD
			CreateAndSetChildDomain (15ms)
		EndReloadAssembly (747ms)
			LoadAssemblies (87ms)
			RebuildTransferFunctionScriptingTraits (0ms)
			SetupTypeCache (244ms)
			ReleaseScriptCaches (0ms)
			RebuildScriptCaches (39ms)
			SetupLoadedEditorAssemblies (277ms)
				LogAssemblyErrors (0ms)
				InitializePlatformSupportModulesInManaged (3ms)
				SetLoadedEditorAssemblies (0ms)
				RefreshPlugins (37ms)
				BeforeProcessingInitializeOnLoad (59ms)
				ProcessInitializeOnLoadAttributes (159ms)
				ProcessInitializeOnLoadMethodAttributes (13ms)
				AfterProcessingInitializeOnLoad (6ms)
=======
			CreateAndSetChildDomain (14ms)
		EndReloadAssembly (680ms)
			LoadAssemblies (70ms)
			RebuildTransferFunctionScriptingTraits (0ms)
			SetupTypeCache (224ms)
			ReleaseScriptCaches (0ms)
			RebuildScriptCaches (38ms)
			SetupLoadedEditorAssemblies (255ms)
				LogAssemblyErrors (0ms)
				InitializePlatformSupportModulesInManaged (3ms)
				SetLoadedEditorAssemblies (0ms)
				RefreshPlugins (35ms)
				BeforeProcessingInitializeOnLoad (50ms)
				ProcessInitializeOnLoadAttributes (150ms)
				ProcessInitializeOnLoadMethodAttributes (13ms)
				AfterProcessingInitializeOnLoad (4ms)
<<<<<<< Updated upstream
=======
>>>>>>> 0c6067b4b166535b0d64eb371354a7f5efe704e7
>>>>>>> Stashed changes
				EditorAssembliesLoaded (0ms)
			ExecutionOrderSort2 (0ms)
			AwakeInstancesAfterBackupRestoration (5ms)
Platform modules already initialized, skipping
========================================================================
Worker process is ready to serve import requests
<<<<<<< HEAD
Launched and connected shader compiler UnityShaderCompiler.exe after 0.06 seconds
Refreshing native plugins compatible for Editor in 0.56 ms, found 3 plugins.
=======
Launched and connected shader compiler UnityShaderCompiler.exe after 0.05 seconds
Refreshing native plugins compatible for Editor in 0.38 ms, found 3 plugins.
<<<<<<< Updated upstream
=======
>>>>>>> 0c6067b4b166535b0d64eb371354a7f5efe704e7
>>>>>>> Stashed changes
Preloading 0 native plugins for Editor in 0.00 ms.
Unloading 2196 Unused Serialized files (Serialized files now loaded: 0)
System memory in use before: 96.1 MB.
System memory in use after: 96.0 MB.

Unloading 31 unused Assets to reduce memory usage. Loaded Objects now: 2626.
<<<<<<< Updated upstream
Total: 2.320000 ms (FindLiveObjects: 0.130600 ms CreateObjectMapping: 0.081900 ms MarkObjects: 2.005900 ms  DeleteObjects: 0.101000 ms)
=======
<<<<<<< HEAD
Total: 2.568400 ms (FindLiveObjects: 0.139700 ms CreateObjectMapping: 0.070400 ms MarkObjects: 2.111100 ms  DeleteObjects: 0.246600 ms)
=======
Total: 2.320000 ms (FindLiveObjects: 0.130600 ms CreateObjectMapping: 0.081900 ms MarkObjects: 2.005900 ms  DeleteObjects: 0.101000 ms)
>>>>>>> 0c6067b4b166535b0d64eb371354a7f5efe704e7
>>>>>>> Stashed changes

AssetImportParameters requested are different than current active one (requested -> active):
  custom:framework-win-MediaFoundation: 216162199b28c13a410421893ffa2e32 -> 
  custom:video-decoder-ogg-theora: a1e56fd34408186e4bbccfd4996cb3dc -> 
  custom:container-muxer-webm: aa71ff27fc2769a1b78a27578f13a17b -> 
  custom:container-demuxer-webm: 4f35f7cbe854078d1ac9338744f61a02 -> 
  custom:container-demuxer-ogg: 62fdf1f143b41e24485cea50d1cbac27 -> 
  custom:video-encoder-webm-vp8: eb34c28f22e8b96e1ab97ce403110664 -> 
  custom:video-decoder-webm-vp8: 9c59270c3fd7afecdb556c50c9e8de78 -> 
  custom:audio-decoder-ogg-vorbis: bf7c407c2cedff20999df2af8eb42d56 -> 
  custom:audio-encoder-webm-vorbis: bf7c407c2cedff20999df2af8eb42d56 -> 
========================================================================
Received Import Request.
  path: Assets/New Folder 3
<<<<<<< Updated upstream
  artifactKey: Guid(72509bdd327295c4ba91000e9d9df7fe) Importer(815301076,1909f56bfc062723c751e8b465ee728b)
Start importing Assets/New Folder 3 using Guid(72509bdd327295c4ba91000e9d9df7fe) Importer(815301076,1909f56bfc062723c751e8b465ee728b)  -> (artifact id: '6e3b061a6cef04940b796bfeabce51a2') in 0.006829 seconds 
=======
<<<<<<< HEAD
  artifactKey: Guid(26f67c576d7bff24790987014a12517f) Importer(815301076,1909f56bfc062723c751e8b465ee728b)
Start importing Assets/New Folder 3 using Guid(26f67c576d7bff24790987014a12517f) Importer(815301076,1909f56bfc062723c751e8b465ee728b)  -> (artifact id: '0d35fa08b9be8d77b79595c90a6f3b6d') in 0.006712 seconds 
=======
  artifactKey: Guid(72509bdd327295c4ba91000e9d9df7fe) Importer(815301076,1909f56bfc062723c751e8b465ee728b)
Start importing Assets/New Folder 3 using Guid(72509bdd327295c4ba91000e9d9df7fe) Importer(815301076,1909f56bfc062723c751e8b465ee728b)  -> (artifact id: '6e3b061a6cef04940b796bfeabce51a2') in 0.006829 seconds 
>>>>>>> 0c6067b4b166535b0d64eb371354a7f5efe704e7
>>>>>>> Stashed changes
AssetImportWorkerClient::OnTransportError - code=2 error=End of file
